#
# A fatal error has been detected by the Java Runtime Environment:
#
#  EXCEPTION_ACCESS_VIOLATION (0xc0000005) at pc=0x54ae4778, pid=6404, tid=4788
#
# JRE version: 7.0_13-b20
# Java VM: Java HotSpot(TM) Client VM (23.7-b01 mixed mode windows-x86 )
# Problematic frame:
# C  [ieframe.dll+0x64778]  Ordinal254+0xe0ec
#
# Failed to write core dump. Minidumps are not enabled by default on client versions of Windows
#
# If you would like to submit a bug report, please visit:
#   http://bugreport.sun.com/bugreport/crash.jsp
# The crash happened outside the Java Virtual Machine in native code.
# See problematic frame for where to report the bug.
#

---------------  T H R E A D  ---------------

Current thread (0x021ebc00):  JavaThread "main" [_thread_in_native, id=4788, stack(0x00090000,0x00190000)]

siginfo: ExceptionCode=0xc0000005, reading address 0x00000000

Registers:
EAX=0x00000000, EBX=0x0018e688, ECX=0x00000004, EDX=0x0038ddfc
ESP=0x0018e674, EBP=0x0018e68c, ESI=0x8000ffff, EDI=0x00000000
EIP=0x54ae4778, EFLAGS=0x00210246

Top of Stack: (sp=0x0018e674)
0x0018e674:   069c0958 069bcde8 069b438c 54ae46c4
0x0018e684:   069b4384 00000000 0018e694 54ae46a6
0x0018e694:   0018e6a8 508d0f3b 0038ddfc 069bcde8
0x0018e6a4:   069b4384 0018e6bc 5075484b 000003e8
0x0018e6b4:   00000001 069b4384 0018e6ec 50754963
0x0018e6c4:   000003e8 00000001 b66851f4 00000000
0x0018e6d4:   0c61f2a4 00000001 069b438c 0018e7a4
0x0018e6e4:   5094b2a8 00000000 0018e6f8 0c61f2e0 

Instructions: (pc=0x54ae4778)
0x54ae4758:   90 90 90 90 8b ff 53 56 57 8b d9 e8 51 08 0a 00
0x54ae4768:   8b f8 85 ff 0f 84 b0 54 1c 00 33 f6 39 37 74 0a
0x54ae4778:   8b 0f 8b c6 5f 5e 89 0b 5b c3 6a 10 6a 08 ff 15
0x54ae4788:   4c 12 ff 54 50 ff 15 48 12 ff 54 85 c0 74 12 8b 


Register to memory mapping:

EAX=0x00000000 is an unknown value
EBX=0x0018e688 is pointing into the stack for thread: 0x021ebc00
ECX=0x00000004 is an unknown value
EDX=0x0038ddfc is an unknown value
ESP=0x0018e674 is pointing into the stack for thread: 0x021ebc00
EBP=0x0018e68c is pointing into the stack for thread: 0x021ebc00
ESI=0x8000ffff is an unknown value
EDI=0x00000000 is an unknown value


Stack: [0x00090000,0x00190000],  sp=0x0018e674,  free space=1017k
Native frames: (J=compiled Java code, j=interpreted, Vv=VM code, C=native code)
C  [ieframe.dll+0x64778]  Ordinal254+0xe0ec
C  [ieframe.dll+0x646a6]  Ordinal254+0xe01a
C  [jscript9.dll+0x1a0f3b]  DllCanUnloadNow+0x55989
C  [jscript9.dll+0x2484b]  JsVarToExtension+0x1f47f
C  [jscript9.dll+0x24963]  JsVarToExtension+0x1f597
C  [mshtml.dll+0x29f2e0]  Ordinal105+0xe5c2b
C  [USER32.dll+0x7834]  CallNextHookEx+0x97
C  [USER32.dll+0x7a9a]  CallNextHookEx+0x2fd
C  [USER32.dll+0x988e]  GetMessageW+0x330
C  [USER32.dll+0x98f1]  DispatchMessageW+0x10
C  [COMCTL32.dll+0x77c7e]  DSA_DeleteAllItems+0x3661
C  [COMCTL32.dll+0x46e5b]  AddMRUStringW+0x5ced
C  [COMCTL32.dll+0x46a08]  AddMRUStringW+0x589a
C  [COMCTL32.dll+0x46947]  AddMRUStringW+0x57d9
C  [USER32.dll+0x7834]  CallNextHookEx+0x97
C  [USER32.dll+0x7a9a]  CallNextHookEx+0x2fd
C  [USER32.dll+0xce71]  CallWindowProcW+0x8b
C  [swt-win32-3834.dll+0x24dc]  Java_org_eclipse_swt_internal_win32_OS_CallWindowProcW+0x18
J  org.eclipse.swt.internal.win32.OS.CallWindowProcW(IIIII)I
J  org.eclipse.swt.widgets.Tree.callWindowProc(IIII)I
J  org.eclipse.swt.widgets.Control.windowProc(IIII)I
V  [jvm.dll+0x12a34a]
V  [jvm.dll+0x1d968e]
V  [jvm.dll+0x12a3cd]
V  [jvm.dll+0xaf07a]
V  [jvm.dll+0xb13c3]
C  [swt-win32-3834.dll+0x122f]  Java_org_eclipse_swt_internal_Callback_reset+0x1a8
C  0x00670018
C  [USER32.dll+0x7834]  CallNextHookEx+0x97
C  [USER32.dll+0x7a9a]  CallNextHookEx+0x2fd
C  [USER32.dll+0xce71]  CallWindowProcW+0x8b
C  [COMCTL32.dll+0x33d76]  DefSubclassProc+0x75
C  [COMCTL32.dll+0x33d57]  DefSubclassProc+0x56
C  [COMCTL32.dll+0x31017]  DPA_GetPtr+0xb0c
C  [COMCTL32.dll+0x33b26]  InitCommonControls+0xd89
C  [USER32.dll+0x7834]  CallNextHookEx+0x97
C  [USER32.dll+0x7a9a]  CallNextHookEx+0x2fd
C  [USER32.dll+0x988e]  GetMessageW+0x330
C  [USER32.dll+0x98f1]  DispatchMessageW+0x10
C  [swt-win32-3834.dll+0x3a64]  Java_org_eclipse_swt_internal_win32_OS_DispatchMessageW+0x31
j  org.eclipse.swt.internal.win32.OS.DispatchMessageW(Lorg/eclipse/swt/internal/win32/MSG;)I+0
j  org.eclipse.swt.internal.win32.OS.DispatchMessage(Lorg/eclipse/swt/internal/win32/MSG;)I+7
j  org.eclipse.swt.widgets.Display.readAndDispatch()Z+64
j  org.eclipse.ui.internal.Workbench.runEventLoop(Lorg/eclipse/jface/window/Window$IExceptionHandler;Lorg/eclipse/swt/widgets/Display;)V+9
j  org.eclipse.ui.internal.Workbench.runUI()I+555
j  org.eclipse.ui.internal.Workbench.access$4(Lorg/eclipse/ui/internal/Workbench;)I+1
j  org.eclipse.ui.internal.Workbench$7.run()V+73
j  org.eclipse.core.databinding.observable.Realm.runWithDefault(Lorg/eclipse/core/databinding/observable/Realm;Ljava/lang/Runnable;)V+12
j  org.eclipse.ui.internal.Workbench.createAndRunWorkbench(Lorg/eclipse/swt/widgets/Display;Lorg/eclipse/ui/application/WorkbenchAdvisor;)I+18
j  org.eclipse.ui.PlatformUI.createAndRunWorkbench(Lorg/eclipse/swt/widgets/Display;Lorg/eclipse/ui/application/WorkbenchAdvisor;)I+2
j  org.eclipse.ui.internal.ide.application.IDEApplication.start(Lorg/eclipse/equinox/app/IApplicationContext;)Ljava/lang/Object;+86
j  org.eclipse.equinox.internal.app.EclipseAppHandle.run(Ljava/lang/Object;)Ljava/lang/Object;+135
j  org.eclipse.core.runtime.internal.adaptor.EclipseAppLauncher.runApplication(Ljava/lang/Object;)Ljava/lang/Object;+103
j  org.eclipse.core.runtime.internal.adaptor.EclipseAppLauncher.start(Ljava/lang/Object;)Ljava/lang/Object;+29
j  org.eclipse.core.runtime.adaptor.EclipseStarter.run(Ljava/lang/Object;)Ljava/lang/Object;+149
j  org.eclipse.core.runtime.adaptor.EclipseStarter.run([Ljava/lang/String;Ljava/lang/Runnable;)Ljava/lang/Object;+183
v  ~StubRoutines::call_stub
V  [jvm.dll+0x12a34a]
V  [jvm.dll+0x1d968e]
V  [jvm.dll+0x12a3cd]
V  [jvm.dll+0x13535e]
V  [jvm.dll+0x13565e]
V  [jvm.dll+0xd4fb9]
C  [java.dll+0x7de6]  Java_sun_reflect_NativeMethodAccessorImpl_invoke0+0x15
j  sun.reflect.NativeMethodAccessorImpl.invoke(Ljava/lang/Object;[Ljava/lang/Object;)Ljava/lang/Object;+87
j  sun.reflect.DelegatingMethodAccessorImpl.invoke(Ljava/lang/Object;[Ljava/lang/Object;)Ljava/lang/Object;+6
j  java.lang.reflect.Method.invoke(Ljava/lang/Object;[Ljava/lang/Object;)Ljava/lang/Object;+57
j  org.eclipse.equinox.launcher.Main.invokeFramework([Ljava/lang/String;[Ljava/net/URL;)V+211
j  org.eclipse.equinox.launcher.Main.basicRun([Ljava/lang/String;)V+126
j  org.eclipse.equinox.launcher.Main.run([Ljava/lang/String;)I+4
v  ~StubRoutines::call_stub
V  [jvm.dll+0x12a34a]
V  [jvm.dll+0x1d968e]
V  [jvm.dll+0x12a3cd]
V  [jvm.dll+0xaf07a]
V  [jvm.dll+0xb11ff]
C  [eclipse_1503.dll+0x630b]  Java_org_eclipse_equinox_launcher_JNIBridge__1takedown_1splash+0x515
C  [eclipse_1503.dll+0x532e]  runW+0x430f
C  [eclipse_1503.dll+0x15cb]  runW+0x5ac
C  [TrueSTUDIO.exe+0x1425]
C  [TrueSTUDIO.exe+0x1010]
C  [TrueSTUDIO.exe+0x30d9]
C  [KERNEL32.DLL+0x1919f]  BaseThreadInitThunk+0xe
C  [ntdll.dll+0x4a22b]  RtlInitializeExceptionChain+0x84
C  [ntdll.dll+0x4a201]  RtlInitializeExceptionChain+0x5a

Java frames: (J=compiled Java code, j=interpreted, Vv=VM code)
J  org.eclipse.swt.internal.win32.OS.CallWindowProcW(IIIII)I
J  org.eclipse.swt.widgets.Tree.callWindowProc(IIII)I
j  org.eclipse.swt.widgets.Tree.WM_LBUTTONDOWN(II)Lorg/eclipse/swt/internal/win32/LRESULT;+1606
J  org.eclipse.swt.widgets.Control.windowProc(IIII)I
J  org.eclipse.swt.widgets.Tree.windowProc(IIII)I
J  org.eclipse.swt.widgets.Display.windowProc(IIII)I
v  ~StubRoutines::call_stub
j  org.eclipse.swt.internal.win32.OS.DispatchMessageW(Lorg/eclipse/swt/internal/win32/MSG;)I+0
j  org.eclipse.swt.internal.win32.OS.DispatchMessage(Lorg/eclipse/swt/internal/win32/MSG;)I+7
j  org.eclipse.swt.widgets.Display.readAndDispatch()Z+64
j  org.eclipse.ui.internal.Workbench.runEventLoop(Lorg/eclipse/jface/window/Window$IExceptionHandler;Lorg/eclipse/swt/widgets/Display;)V+9
j  org.eclipse.ui.internal.Workbench.runUI()I+555
j  org.eclipse.ui.internal.Workbench.access$4(Lorg/eclipse/ui/internal/Workbench;)I+1
j  org.eclipse.ui.internal.Workbench$7.run()V+73
j  org.eclipse.core.databinding.observable.Realm.runWithDefault(Lorg/eclipse/core/databinding/observable/Realm;Ljava/lang/Runnable;)V+12
j  org.eclipse.ui.internal.Workbench.createAndRunWorkbench(Lorg/eclipse/swt/widgets/Display;Lorg/eclipse/ui/application/WorkbenchAdvisor;)I+18
j  org.eclipse.ui.PlatformUI.createAndRunWorkbench(Lorg/eclipse/swt/widgets/Display;Lorg/eclipse/ui/application/WorkbenchAdvisor;)I+2
j  org.eclipse.ui.internal.ide.application.IDEApplication.start(Lorg/eclipse/equinox/app/IApplicationContext;)Ljava/lang/Object;+86
j  org.eclipse.equinox.internal.app.EclipseAppHandle.run(Ljava/lang/Object;)Ljava/lang/Object;+135
j  org.eclipse.core.runtime.internal.adaptor.EclipseAppLauncher.runApplication(Ljava/lang/Object;)Ljava/lang/Object;+103
j  org.eclipse.core.runtime.internal.adaptor.EclipseAppLauncher.start(Ljava/lang/Object;)Ljava/lang/Object;+29
j  org.eclipse.core.runtime.adaptor.EclipseStarter.run(Ljava/lang/Object;)Ljava/lang/Object;+149
j  org.eclipse.core.runtime.adaptor.EclipseStarter.run([Ljava/lang/String;Ljava/lang/Runnable;)Ljava/lang/Object;+183
v  ~StubRoutines::call_stub
j  sun.reflect.NativeMethodAccessorImpl.invoke0(Ljava/lang/reflect/Method;Ljava/lang/Object;[Ljava/lang/Object;)Ljava/lang/Object;+0
j  sun.reflect.NativeMethodAccessorImpl.invoke(Ljava/lang/Object;[Ljava/lang/Object;)Ljava/lang/Object;+87
j  sun.reflect.DelegatingMethodAccessorImpl.invoke(Ljava/lang/Object;[Ljava/lang/Object;)Ljava/lang/Object;+6
j  java.lang.reflect.Method.invoke(Ljava/lang/Object;[Ljava/lang/Object;)Ljava/lang/Object;+57
j  org.eclipse.equinox.launcher.Main.invokeFramework([Ljava/lang/String;[Ljava/net/URL;)V+211
j  org.eclipse.equinox.launcher.Main.basicRun([Ljava/lang/String;)V+126
j  org.eclipse.equinox.launcher.Main.run([Ljava/lang/String;)I+4
v  ~StubRoutines::call_stub

---------------  P R O C E S S  ---------------

Java Threads: ( => current thread )
  0x09915800 JavaThread "[ThreadPool Manager] - Idle Thread" daemon [_thread_blocked, id=3848, stack(0x0eeb0000,0x0efb0000)]
  0x09917000 JavaThread "Timer-0" [_thread_blocked, id=2172, stack(0x0b690000,0x0b790000)]
  0x09917c00 JavaThread "Worker-10" [_thread_blocked, id=1084, stack(0x0b550000,0x0b650000)]
  0x0646c400 JavaThread "Worker-9" [_thread_blocked, id=1916, stack(0x0b3f0000,0x0b4f0000)]
  0x0646b000 JavaThread "Worker-8" [_thread_blocked, id=4796, stack(0x0b2f0000,0x0b3f0000)]
  0x0646ac00 JavaThread "Worker-7" [_thread_blocked, id=5808, stack(0x0b1f0000,0x0b2f0000)]
  0x0646d800 JavaThread "Worker-6" [_thread_blocked, id=5316, stack(0x0b0f0000,0x0b1f0000)]
  0x0646d000 JavaThread "Worker-5" [_thread_blocked, id=5764, stack(0x0aff0000,0x0b0f0000)]
  0x0646a400 JavaThread "Worker-4" [_thread_blocked, id=6876, stack(0x0aef0000,0x0aff0000)]
  0x0646cc00 JavaThread "Worker-3" [_thread_blocked, id=6456, stack(0x0adf0000,0x0aef0000)]
  0x0646bc00 JavaThread "Worker-2" [_thread_blocked, id=6660, stack(0x0acf0000,0x0adf0000)]
  0x0646a000 JavaThread "Bundle File Closer" daemon [_thread_blocked, id=6272, stack(0x0abf0000,0x0acf0000)]
  0x0646b800 JavaThread "org.eclipse.cdt.internal.ui.text.CReconciler" daemon [_thread_blocked, id=6240, stack(0x0a3d0000,0x0a4d0000)]
  0x05427000 JavaThread "Worker-1" [_thread_blocked, id=1800, stack(0x05ce0000,0x05de0000)]
  0x05410400 JavaThread "Thread-2" [_thread_blocked, id=4392, stack(0x07050000,0x07150000)]
  0x0579ec00 JavaThread "Worker-0" [_thread_blocked, id=5596, stack(0x06ea0000,0x06fa0000)]
  0x05588800 JavaThread "Worker-JM" [_thread_blocked, id=6044, stack(0x05f60000,0x06060000)]
  0x0545d800 JavaThread "[Timer] - Main Queue Handler" daemon [_thread_blocked, id=1440, stack(0x05e20000,0x05f20000)]
  0x0541c800 JavaThread "Framework Event Dispatcher" daemon [_thread_blocked, id=5732, stack(0x05ba0000,0x05ca0000)]
  0x05411000 JavaThread "Start Level Event Dispatcher" daemon [_thread_blocked, id=6504, stack(0x05a60000,0x05b60000)]
  0x05416800 JavaThread "State Data Manager" daemon [_thread_blocked, id=5516, stack(0x05920000,0x05a20000)]
  0x053e7800 JavaThread "Framework Active Thread" [_thread_blocked, id=5840, stack(0x057e0000,0x058e0000)]
  0x0493f400 JavaThread "Service Thread" daemon [_thread_blocked, id=7040, stack(0x04f00000,0x05000000)]
  0x0493e000 JavaThread "C1 CompilerThread0" daemon [_thread_blocked, id=6732, stack(0x04dc0000,0x04ec0000)]
  0x0493c000 JavaThread "Attach Listener" daemon [_thread_blocked, id=4200, stack(0x04c80000,0x04d80000)]
  0x0493a000 JavaThread "Signal Dispatcher" daemon [_thread_blocked, id=6888, stack(0x04b40000,0x04c40000)]
  0x02186800 JavaThread "Finalizer" daemon [_thread_blocked, id=4204, stack(0x04800000,0x04900000)]
  0x02180c00 JavaThread "Reference Handler" daemon [_thread_blocked, id=4332, stack(0x046c0000,0x047c0000)]
=>0x021ebc00 JavaThread "main" [_thread_in_native, id=4788, stack(0x00090000,0x00190000)]

Other Threads:
  0x02178800 VMThread [stack: 0x045c0000,0x046c0000] [id=5324]
  0x0495a400 WatcherThread [stack: 0x05040000,0x05140000] [id=6712]

VM state:not at safepoint (normal execution)

VM Mutex/Monitor currently owned by a thread: None

Heap
 def new generation   total 27776K, used 9943K [0x0f010000, 0x10e30000, 0x19ab0000)
  eden space 24704K,  40% used [0x0f010000, 0x0f9c5ef8, 0x10830000)
  from space 3072K,   0% used [0x10830000, 0x10830000, 0x10b30000)
  to   space 3072K,   0% used [0x10b30000, 0x10b30000, 0x10e30000)
 tenured generation   total 61524K, used 36912K [0x19ab0000, 0x1d6c5000, 0x2f010000)
   the space 61524K,  59% used [0x19ab0000, 0x1bebc298, 0x1bebc400, 0x1d6c5000)
 compacting perm gen  total 38144K, used 37946K [0x2f010000, 0x31550000, 0x4f010000)
   the space 38144K,  99% used [0x2f010000, 0x3151e8d8, 0x3151ea00, 0x31550000)
No shared spaces configured.

Card table byte_map: [0x041f0000,0x04400000] byte_map_base: 0x04177f80

Polling page: 0x003f0000

Code Cache  [0x021f0000, 0x025f8000, 0x041f0000)
 total_blobs=2077 nmethods=1861 adapters=149 free_code_cache=28646Kb largest_free_block=29330176

Compilation events (10 events):
Event: 33.992 Thread 0x0493e000 1884             org.eclipse.core.internal.watson.ElementTreeIterator::doIteration (109 bytes)
Event: 33.993 Thread 0x0493e000 nmethod 1884 0x025f6188 code [0x025f62c0, 0x025f65d4]
Event: 34.084 Thread 0x0493e000 1885             org.eclipse.ui.internal.expressions.AndExpression::evaluate (6 bytes)
Event: 34.084 Thread 0x0493e000 nmethod 1885 0x025f6888 code [0x025f6980, 0x025f6a0c]
Event: 34.084 Thread 0x0493e000 1886             org.eclipse.core.expressions.EvaluationContext::getDefaultVariable (5 bytes)
Event: 34.084 Thread 0x0493e000 nmethod 1886 0x025f6a88 code [0x025f6b80, 0x025f6c00]
Event: 34.093 Thread 0x0493e000 1887             org.eclipse.swt.internal.win32.OS::GetMenuItemInfo (22 bytes)
Event: 34.093 Thread 0x0493e000 nmethod 1887 0x025f6f08 code [0x025f7000, 0x025f708c]
Event: 34.094 Thread 0x0493e000 1889             org.eclipse.core.commands.NamedHandleObjectWithState::getStateIds (52 bytes)
Event: 34.094 Thread 0x0493e000 nmethod 1889 0x025f7108 code [0x025f7240, 0x025f73f0]

GC Heap History (10 events):
Event: 6.629 GC heap before
{Heap before GC invocations=27 (full 5):
 def new generation   total 19008K, used 19008K [0x0f010000, 0x104a0000, 0x19ab0000)
  eden space 16960K, 100% used [0x0f010000, 0x100a0000, 0x100a0000)
  from space 2048K, 100% used [0x102a0000, 0x104a0000, 0x104a0000)
  to   space 2048K,   0% used [0x100a0000, 0x100a0000, 0x102a0000)
 tenured generation   total 41952K, used 25744K [0x19ab0000, 0x1c3a8000, 0x2f010000)
   the space 41952K,  61% used [0x19ab0000, 0x1b3d4170, 0x1b3d4200, 0x1c3a8000)
 compacting perm gen  total 33280K, used 33143K [0x2f010000, 0x31090000, 0x4f010000)
   the space 33280K,  99% used [0x2f010000, 0x3106de20, 0x3106e000, 0x31090000)
No shared spaces configured.
Event: 6.641 GC heap after
Heap after GC invocations=28 (full 5):
 def new generation   total 19008K, used 1686K [0x0f010000, 0x104a0000, 0x19ab0000)
  eden space 16960K,   0% used [0x0f010000, 0x0f010000, 0x100a0000)
  from space 2048K,  82% used [0x100a0000, 0x10245b48, 0x102a0000)
  to   space 2048K,   0% used [0x102a0000, 0x102a0000, 0x104a0000)
 tenured generation   total 41952K, used 27781K [0x19ab0000, 0x1c3a8000, 0x2f010000)
   the space 41952K,  66% used [0x19ab0000, 0x1b5d1538, 0x1b5d1600, 0x1c3a8000)
 compacting perm gen  total 33280K, used 33143K [0x2f010000, 0x31090000, 0x4f010000)
   the space 33280K,  99% used [0x2f010000, 0x3106de20, 0x3106e000, 0x31090000)
No shared spaces configured.
}
Event: 6.668 GC heap before
{Heap before GC invocations=28 (full 5):
 def new generation   total 19008K, used 18646K [0x0f010000, 0x104a0000, 0x19ab0000)
  eden space 16960K, 100% used [0x0f010000, 0x100a0000, 0x100a0000)
  from space 2048K,  82% used [0x100a0000, 0x10245b48, 0x102a0000)
  to   space 2048K,   0% used [0x102a0000, 0x102a0000, 0x104a0000)
 tenured generation   total 41952K, used 27781K [0x19ab0000, 0x1c3a8000, 0x2f010000)
   the space 41952K,  66% used [0x19ab0000, 0x1b5d1538, 0x1b5d1600, 0x1c3a8000)
 compacting perm gen  total 33280K, used 33143K [0x2f010000, 0x31090000, 0x4f010000)
   the space 33280K,  99% used [0x2f010000, 0x3106de50, 0x3106e000, 0x31090000)
No shared spaces configured.
Event: 6.680 GC heap after
Heap after GC invocations=29 (full 5):
 def new generation   total 19008K, used 1546K [0x0f010000, 0x104a0000, 0x19ab0000)
  eden space 16960K,   0% used [0x0f010000, 0x0f010000, 0x100a0000)
  from space 2048K,  75% used [0x102a0000, 0x10422920, 0x104a0000)
  to   space 2048K,   0% used [0x100a0000, 0x100a0000, 0x102a0000)
 tenured generation   total 41952K, used 29456K [0x19ab0000, 0x1c3a8000, 0x2f010000)
   the space 41952K,  70% used [0x19ab0000, 0x1b774038, 0x1b774200, 0x1c3a8000)
 compacting perm gen  total 33280K, used 33143K [0x2f010000, 0x31090000, 0x4f010000)
   the space 33280K,  99% used [0x2f010000, 0x3106de50, 0x3106e000, 0x31090000)
No shared spaces configured.
}
Event: 7.273 GC heap before
{Heap before GC invocations=29 (full 5):
 def new generation   total 19008K, used 18506K [0x0f010000, 0x104a0000, 0x19ab0000)
  eden space 16960K, 100% used [0x0f010000, 0x100a0000, 0x100a0000)
  from space 2048K,  75% used [0x102a0000, 0x10422920, 0x104a0000)
  to   space 2048K,   0% used [0x100a0000, 0x100a0000, 0x102a0000)
 tenured generation   total 41952K, used 29456K [0x19ab0000, 0x1c3a8000, 0x2f010000)
   the space 41952K,  70% used [0x19ab0000, 0x1b774038, 0x1b774200, 0x1c3a8000)
 compacting perm gen  total 34048K, used 33936K [0x2f010000, 0x31150000, 0x4f010000)
   the space 34048K,  99% used [0x2f010000, 0x31134030, 0x31134200, 0x31150000)
No shared spaces configured.
Event: 7.289 GC heap after
Heap after GC invocations=30 (full 5):
 def new generation   total 19008K, used 2048K [0x0f010000, 0x104a0000, 0x19ab0000)
  eden space 16960K,   0% used [0x0f010000, 0x0f010000, 0x100a0000)
  from space 2048K, 100% used [0x100a0000, 0x102a0000, 0x102a0000)
  to   space 2048K,   0% used [0x102a0000, 0x102a0000, 0x104a0000)
 tenured generation   total 41952K, used 31915K [0x19ab0000, 0x1c3a8000, 0x2f010000)
   the space 41952K,  76% used [0x19ab0000, 0x1b9daf38, 0x1b9db000, 0x1c3a8000)
 compacting perm gen  total 34048K, used 33936K [0x2f010000, 0x31150000, 0x4f010000)
   the space 34048K,  99% used [0x2f010000, 0x31134030, 0x31134200, 0x31150000)
No shared spaces configured.
}
Event: 8.224 GC heap before
{Heap before GC invocations=30 (full 5):
 def new generation   total 19008K, used 19008K [0x0f010000, 0x104a0000, 0x19ab0000)
  eden space 16960K, 100% used [0x0f010000, 0x100a0000, 0x100a0000)
  from space 2048K, 100% used [0x100a0000, 0x102a0000, 0x102a0000)
  to   space 2048K,   0% used [0x102a0000, 0x102a0000, 0x104a0000)
 tenured generation   total 41952K, used 31915K [0x19ab0000, 0x1c3a8000, 0x2f010000)
   the space 41952K,  76% used [0x19ab0000, 0x1b9daf38, 0x1b9db000, 0x1c3a8000)
 compacting perm gen  total 36608K, used 36600K [0x2f010000, 0x313d0000, 0x4f010000)
   the space 36608K,  99% used [0x2f010000, 0x313ce2c0, 0x313ce400, 0x313d0000)
No shared spaces configured.
Event: 8.244 GC heap after
Heap after GC invocations=31 (full 5):
 def new generation   total 19008K, used 2048K [0x0f010000, 0x104a0000, 0x19ab0000)
  eden space 16960K,   0% used [0x0f010000, 0x0f010000, 0x100a0000)
  from space 2048K, 100% used [0x102a0000, 0x104a0000, 0x104a0000)
  to   space 2048K,   0% used [0x100a0000, 0x100a0000, 0x102a0000)
 tenured generation   total 41952K, used 37376K [0x19ab0000, 0x1c3a8000, 0x2f010000)
   the space 41952K,  89% used [0x19ab0000, 0x1bf30050, 0x1bf30200, 0x1c3a8000)
 compacting perm gen  total 36608K, used 36600K [0x2f010000, 0x313d0000, 0x4f010000)
   the space 36608K,  99% used [0x2f010000, 0x313ce2c0, 0x313ce400, 0x313d0000)
No shared spaces configured.
}
Event: 10.971 GC heap before
{Heap before GC invocations=31 (full 5):
 def new generation   total 19008K, used 8386K [0x0f010000, 0x104a0000, 0x19ab0000)
  eden space 16960K,  37% used [0x0f010000, 0x0f640bd0, 0x100a0000)
  from space 2048K, 100% used [0x102a0000, 0x104a0000, 0x104a0000)
  to   space 2048K,   0% used [0x100a0000, 0x100a0000, 0x102a0000)
 tenured generation   total 41952K, used 37376K [0x19ab0000, 0x1c3a8000, 0x2f010000)
   the space 41952K,  89% used [0x19ab0000, 0x1bf30050, 0x1bf30200, 0x1c3a8000)
 compacting perm gen  total 36864K, used 36864K [0x2f010000, 0x31410000, 0x4f010000)
   the space 36864K, 100% used [0x2f010000, 0x31410000, 0x31410000, 0x31410000)
No shared spaces configured.
Event: 11.099 GC heap after
Heap after GC invocations=32 (full 6):
 def new generation   total 27776K, used 0K [0x0f010000, 0x10e30000, 0x19ab0000)
  eden space 24704K,   0% used [0x0f010000, 0x0f010000, 0x10830000)
  from space 3072K,   0% used [0x10830000, 0x10830000, 0x10b30000)
  to   space 3072K,   0% used [0x10b30000, 0x10b30000, 0x10e30000)
 tenured generation   total 61524K, used 36912K [0x19ab0000, 0x1d6c5000, 0x2f010000)
   the space 61524K,  59% used [0x19ab0000, 0x1bebc298, 0x1bebc400, 0x1d6c5000)
 compacting perm gen  total 36864K, used 36864K [0x2f010000, 0x31410000, 0x4f010000)
   the space 36864K, 100% used [0x2f010000, 0x31410000, 0x31410000, 0x31410000)
No shared spaces configured.
}

Deoptimization events (0 events):
No events

Internal exceptions (10 events):
Event: 28.819 Thread 0x021ebc00 Threw 0x0f289688 at C:\jdk7u2_32P\jdk7u13_2932_new\hotspot\src\share\vm\prims\jvm.cpp:1166
Event: 28.819 Thread 0x021ebc00 Threw 0x0f289b50 at C:\jdk7u2_32P\jdk7u13_2932_new\hotspot\src\share\vm\classfile\systemDictionary.cpp:179
Event: 28.819 Thread 0x021ebc00 Threw 0x0f28a290 at C:\jdk7u2_32P\jdk7u13_2932_new\hotspot\src\share\vm\prims\jvm.cpp:1166
Event: 28.819 Thread 0x021ebc00 Threw 0x0f28a8c0 at C:\jdk7u2_32P\jdk7u13_2932_new\hotspot\src\share\vm\prims\jvm.cpp:1166
Event: 28.858 Thread 0x021ebc00 Threw 0x0f2a5338 at C:\jdk7u2_32P\jdk7u13_2932_new\hotspot\src\share\vm\prims\jvm.cpp:1166
Event: 28.858 Thread 0x021ebc00 Threw 0x0f2a57f0 at C:\jdk7u2_32P\jdk7u13_2932_new\hotspot\src\share\vm\classfile\systemDictionary.cpp:179
Event: 28.858 Thread 0x021ebc00 Threw 0x0f2a5ec0 at C:\jdk7u2_32P\jdk7u13_2932_new\hotspot\src\share\vm\prims\jvm.cpp:1166
Event: 28.858 Thread 0x021ebc00 Threw 0x0f2a64c0 at C:\jdk7u2_32P\jdk7u13_2932_new\hotspot\src\share\vm\prims\jvm.cpp:1166
Event: 29.100 Thread 0x0646b000 Threw 0x0f764a38 at C:\jdk7u2_32P\jdk7u13_2932_new\hotspot\src\share\vm\prims\jni.cpp:716
Event: 29.101 Thread 0x0646b000 Threw 0x0f766230 at C:\jdk7u2_32P\jdk7u13_2932_new\hotspot\src\share\vm\prims\jni.cpp:716

Events (10 events):
Event: 34.088 Executing VM operation: RevokeBias
Event: 34.088 Executing VM operation: RevokeBias done
Event: 34.088 Executing VM operation: RevokeBias
Event: 34.088 Executing VM operation: RevokeBias done
Event: 34.088 Executing VM operation: RevokeBias
Event: 34.088 Executing VM operation: RevokeBias done
Event: 34.107 Executing VM operation: RevokeBias
Event: 34.107 Executing VM operation: RevokeBias done
Event: 34.107 Executing VM operation: RevokeBias
Event: 34.107 Executing VM operation: RevokeBias done


Dynamic libraries:
0x00400000 - 0x0044e000 	C:\Program Files (x86)\Atollic\TrueSTUDIO for ARM Lite 4.3.1\ide\TrueSTUDIO.exe
0x76f20000 - 0x77088000 	C:\WINDOWS\SYSTEM32\ntdll.dll
0x74a70000 - 0x74bb0000 	C:\WINDOWS\SYSTEM32\KERNEL32.DLL
0x74d00000 - 0x74dcf000 	C:\WINDOWS\SYSTEM32\KERNELBASE.dll
0x754f0000 - 0x7563f000 	C:\WINDOWS\SYSTEM32\USER32.dll
0x6eb90000 - 0x6ed76000 	C:\WINDOWS\WinSxS\x86_microsoft.windows.common-controls_6595b64144ccf1df_6.0.9600.17031_none_a9efdb8b01377ea7\COMCTL32.dll
0x75390000 - 0x7544e000 	C:\WINDOWS\SYSTEM32\MSVCRT.dll
0x750b0000 - 0x751b7000 	C:\WINDOWS\SYSTEM32\GDI32.dll
0x76810000 - 0x76835000 	C:\WINDOWS\system32\IMM32.DLL
0x76cd0000 - 0x76dc7000 	C:\WINDOWS\SYSTEM32\MSCTF.dll
0x73f20000 - 0x73f49000 	C:\WINDOWS\SYSTEM32\nvinit.dll
0x75450000 - 0x754c8000 	C:\WINDOWS\SYSTEM32\ADVAPI32.dll
0x76c90000 - 0x76cce000 	C:\WINDOWS\SYSTEM32\sechost.dll
0x74dd0000 - 0x74e80000 	C:\WINDOWS\SYSTEM32\RPCRT4.dll
0x74940000 - 0x7495d000 	C:\WINDOWS\SYSTEM32\SspiCli.dll
0x74930000 - 0x74939000 	C:\WINDOWS\SYSTEM32\CRYPTBASE.dll
0x748d0000 - 0x74922000 	C:\WINDOWS\SYSTEM32\bcryptPrimitives.dll
0x0f000000 - 0x0f006000 	C:\Program Files (x86)\NVIDIA Corporation\CoProcManager\detoured.dll
0x6b5e0000 - 0x6b633000 	C:\Program Files (x86)\NVIDIA Corporation\CoProcManager\nvd3d9wrap.dll
0x76840000 - 0x769ed000 	C:\WINDOWS\SYSTEM32\SETUPAPI.dll
0x76dd0000 - 0x76e0a000 	C:\WINDOWS\SYSTEM32\CFGMGR32.dll
0x6b5a0000 - 0x6b5db000 	C:\Program Files (x86)\NVIDIA Corporation\CoProcManager\nvdxgiwrap.dll
0x72000000 - 0x7200d000 	C:\Program Files (x86)\Atollic\TrueSTUDIO for ARM Lite 4.3.1\ide\plugins\org.eclipse.equinox.launcher.win32.win32.x86_1.1.200.v20120522-1813\eclipse_1503.dll
0x745e0000 - 0x745e8000 	C:\WINDOWS\SYSTEM32\VERSION.dll
0x6e1c0000 - 0x6e29b000 	C:\WINDOWS\system32\uxtheme.dll
0x76a00000 - 0x76b4e000 	C:\WINDOWS\SYSTEM32\combase.dll
0x55c00000 - 0x55f4d000 	C:\Program Files (x86)\Atollic\TrueSTUDIO for ARM Lite 4.3.1\ide\jre\bin\client\jvm.dll
0x745f0000 - 0x745f8000 	C:\WINDOWS\SYSTEM32\WSOCK32.dll
0x68100000 - 0x68120000 	C:\WINDOWS\SYSTEM32\WINMM.dll
0x754d0000 - 0x754d6000 	C:\WINDOWS\SYSTEM32\PSAPI.DLL
0x5f7f0000 - 0x5f8af000 	C:\WINDOWS\SYSTEM32\MSVCR100.dll
0x76bb0000 - 0x76bfd000 	C:\WINDOWS\SYSTEM32\WS2_32.dll
0x63d70000 - 0x63d90000 	C:\WINDOWS\SYSTEM32\WINMMBASE.dll
0x754e0000 - 0x754e7000 	C:\WINDOWS\SYSTEM32\NSI.dll
0x6b160000 - 0x6b17f000 	C:\WINDOWS\SYSTEM32\DEVOBJ.dll
0x6ef20000 - 0x6ef2c000 	C:\Program Files (x86)\Atollic\TrueSTUDIO for ARM Lite 4.3.1\ide\jre\bin\verify.dll
0x6ef00000 - 0x6ef20000 	C:\Program Files (x86)\Atollic\TrueSTUDIO for ARM Lite 4.3.1\ide\jre\bin\java.dll
0x6eee0000 - 0x6eef3000 	C:\Program Files (x86)\Atollic\TrueSTUDIO for ARM Lite 4.3.1\ide\jre\bin\zip.dll
0x73b20000 - 0x73b38000 	C:\WINDOWS\SYSTEM32\CRYPTSP.dll
0x73af0000 - 0x73b1f000 	C:\WINDOWS\system32\rsaenh.dll
0x73ad0000 - 0x73aed000 	C:\WINDOWS\SYSTEM32\bcrypt.dll
0x73f70000 - 0x73f89000 	C:\WINDOWS\SYSTEM32\USERENV.dll
0x73f50000 - 0x73f5e000 	C:\WINDOWS\SYSTEM32\profapi.dll
0x6eec0000 - 0x6eed4000 	C:\Program Files (x86)\Atollic\TrueSTUDIO for ARM Lite 4.3.1\ide\jre\bin\net.dll
0x72d00000 - 0x72d45000 	C:\WINDOWS\system32\mswsock.dll
0x72da0000 - 0x72db0000 	C:\WINDOWS\system32\napinsp.dll
0x72d80000 - 0x72d94000 	C:\WINDOWS\system32\pnrpnsp.dll
0x72d50000 - 0x72d62000 	C:\WINDOWS\system32\NLAapi.dll
0x741b0000 - 0x7422c000 	C:\WINDOWS\SYSTEM32\DNSAPI.dll
0x72c30000 - 0x72c39000 	C:\WINDOWS\System32\winrnr.dll
0x72c20000 - 0x72c2f000 	C:\WINDOWS\system32\wshbth.dll
0x72ba0000 - 0x72ba7000 	C:\Windows\System32\rasadhlp.dll
0x742d0000 - 0x742ee000 	C:\WINDOWS\SYSTEM32\IPHLPAPI.DLL
0x73f60000 - 0x73f68000 	C:\WINDOWS\SYSTEM32\WINNSI.DLL
0x72bb0000 - 0x72bf4000 	C:\WINDOWS\System32\fwpuclnt.dll
0x6eeb0000 - 0x6eebe000 	C:\Program Files (x86)\Atollic\TrueSTUDIO for ARM Lite 4.3.1\ide\jre\bin\nio.dll
0x74960000 - 0x74a6c000 	C:\WINDOWS\system32\ole32.dll
0x711e0000 - 0x711e9000 	C:\WINDOWS\SYSTEM32\kernel.appcore.dll
0x06060000 - 0x060d0000 	C:\Users\Callen Fisher\.eclipse\com.atollic.truestudio.lite.arm.platform.arm_lite_4.3.1.201312051517_299027810\configuration\org.eclipse.osgi\bundles\312\1\.cp\swt-win32-3834.dll
0x74c40000 - 0x74cc7000 	C:\WINDOWS\SYSTEM32\OLEAUT32.dll
0x76c00000 - 0x76c8a000 	C:\WINDOWS\SYSTEM32\comdlg32.dll
0x6b050000 - 0x6b0ae000 	C:\WINDOWS\SYSTEM32\WINSPOOL.DRV
0x75640000 - 0x76801000 	C:\WINDOWS\SYSTEM32\SHELL32.dll
0x680e0000 - 0x680f4000 	C:\WINDOWS\SYSTEM32\USP10.dll
0x742f0000 - 0x744b2000 	C:\WINDOWS\SYSTEM32\WININET.dll
0x75210000 - 0x7538f000 	C:\WINDOWS\SYSTEM32\CRYPT32.dll
0x75060000 - 0x750a1000 	C:\WINDOWS\SYSTEM32\SHLWAPI.dll
0x73f90000 - 0x741ab000 	C:\WINDOWS\SYSTEM32\iertutil.dll
0x74e80000 - 0x74e8e000 	C:\WINDOWS\SYSTEM32\MSASN1.dll
0x72dc0000 - 0x72e36000 	C:\WINDOWS\SYSTEM32\SHCORE.DLL
0x6afd0000 - 0x6afe8000 	C:\WINDOWS\system32\dwmapi.dll
0x5fd20000 - 0x5fe43000 	C:\WINDOWS\SYSTEM32\propsys.dll
0x74e90000 - 0x74f0d000 	C:\WINDOWS\SYSTEM32\clbcatq.dll
0x06aa0000 - 0x06abd000 	C:\Users\Callen Fisher\.eclipse\com.atollic.truestudio.lite.arm.platform.arm_lite_4.3.1.201312051517_299027810\configuration\org.eclipse.osgi\bundles\312\1\.cp\swt-gdip-win32-3834.dll
0x69870000 - 0x699bd000 	C:\WINDOWS\WinSxS\x86_microsoft.windows.gdiplus_6595b64144ccf1df_1.1.9600.17227_none_dad9452e5bcb7986\gdiplus.dll
0x06b40000 - 0x06b4e000 	C:\Users\Callen Fisher\.eclipse\com.atollic.truestudio.lite.arm.platform.arm_lite_4.3.1.201312051517_299027810\configuration\org.eclipse.osgi\bundles\172\1\.cp\os\win32\x86\localfile_1_0_0.dll
0x06b50000 - 0x06b58000 	C:\Users\Callen Fisher\.eclipse\com.atollic.truestudio.lite.arm.platform.arm_lite_4.3.1.201312051517_299027810\configuration\org.eclipse.osgi\bundles\177\1\.cp\os\win32\x86\win32refresh.dll
0x64a80000 - 0x64a8e000 	C:\Program Files (x86)\Atollic\TrueSTUDIO for ARM Lite 4.3.1\ide\TrueSTUDIO.dll
0x6fcf0000 - 0x6fd03000 	C:\WINDOWS\SYSTEM32\dhcpcsvc.DLL
0x69720000 - 0x6986d000 	C:\WINDOWS\SYSTEM32\WindowsCodecs.dll
0x63d90000 - 0x63dd8000 	C:\WINDOWS\SYSTEM32\oleacc.dll
0x55790000 - 0x559e3000 	C:\WINDOWS\system32\explorerframe.dll
0x55710000 - 0x55786000 	C:\WINDOWS\system32\DUser.dll
0x555c0000 - 0x5570b000 	C:\WINDOWS\system32\DUI70.dll
0x6ee40000 - 0x6ee6f000 	C:\WINDOWS\system32\mlang.dll
0x6e850000 - 0x6e856000 	C:\WINDOWS\SYSTEM32\msimg32.dll
0x6ee30000 - 0x6ee3f000 	C:\Users\Callen Fisher\.eclipse\com.atollic.truestudio.lite.arm.platform.arm_lite_4.3.1.201312051517_299027810\configuration\org.eclipse.osgi\bundles\175\1\.cp\jWinHttp-1.0.0.dll
0x74230000 - 0x742c4000 	C:\WINDOWS\SYSTEM32\WINHTTP.dll
0x05280000 - 0x05287000 	C:\Users\Callen Fisher\.eclipse\com.atollic.truestudio.lite.arm.platform.arm_lite_4.3.1.201312051517_299027810\configuration\org.eclipse.osgi\bundles\283\1\.cp\jnicrypt.dll
0x6f970000 - 0x6f977000 	C:\WINDOWS\SYSTEM32\DPAPI.dll
0x6ee10000 - 0x6ee30000 	C:\Program Files (x86)\Atollic\TrueSTUDIO for ARM Lite 4.3.1\ide\jre\bin\sunec.dll
0x6fd10000 - 0x6fd22000 	C:\WINDOWS\SYSTEM32\dhcpcsvc6.DLL
0x0b7e0000 - 0x0b8ba000 	C:\Program Files (x86)\Atollic\TrueSTUDIO for ARM Lite 4.3.1\ide\plugins\sst.tm.rimx_1.1.2.201311201110\iconv.dll
0x0b8c0000 - 0x0b8e1000 	C:\Program Files (x86)\Atollic\TrueSTUDIO for ARM Lite 4.3.1\ide\plugins\sst.tm.rimx_1.1.2.201311201110\est.dll
0x652c0000 - 0x6539d000 	C:\Program Files (x86)\Atollic\TrueSTUDIO for ARM Lite 4.3.1\ide\plugins\sst.tm.rimx_1.1.2.201311201110\libiconv-2.dll
0x67c80000 - 0x67c91000 	C:\Program Files (x86)\Atollic\TrueSTUDIO for ARM Lite 4.3.1\ide\plugins\sst.tm.rimx_1.1.2.201311201110\libintl-2.dll
0x0b9a0000 - 0x0bbe1000 	C:\Program Files (x86)\Atollic\TrueSTUDIO for ARM Lite 4.3.1\ide\plugins\sst.tm.rimx_1.1.2.201311201110\xerces-c_2_7.dll
0x54a80000 - 0x555bf000 	C:\Windows\SYSTEM32\ieframe.dll
0x0bbf0000 - 0x0bc7c000 	C:\Program Files (x86)\Atollic\TrueSTUDIO for ARM Lite 4.3.1\ide\plugins\sst.tm.rimx_1.1.2.201311201110\rimxjni.dll
0x6ac80000 - 0x6adac000 	C:\WINDOWS\SYSTEM32\urlmon.dll
0x6c2c0000 - 0x6c322000 	C:\Users\Callen Fisher\AppData\Local\Temp\libsqlitejdbc-6770964180245759479.lib
0x6f050000 - 0x6f0cb000 	C:\WINDOWS\SYSTEM32\sxs.dll
0x62f70000 - 0x62f78000 	C:\WINDOWS\SYSTEM32\msiltcfg.dll
0x6e860000 - 0x6eb8b000 	C:\WINDOWS\SYSTEM32\msi.dll
0x73e80000 - 0x73f19000 	C:\WINDOWS\SYSTEM32\apphelp.dll
0x0c380000 - 0x0d42e000 	C:\Windows\SYSTEM32\mshtml.dll
0x72db0000 - 0x72db9000 	C:\WINDOWS\SYSTEM32\Secur32.dll
0x50730000 - 0x50b41000 	C:\Windows\SYSTEM32\jscript9.dll
0x6eea0000 - 0x6eeac000 	C:\WINDOWS\system32\msimtf.dll
0x73cd0000 - 0x73d0e000 	C:\WINDOWS\SYSTEM32\powrprof.dll
0x59db0000 - 0x59e12000 	C:\WINDOWS\SYSTEM32\dxgi.dll
0x50360000 - 0x50725000 	C:\WINDOWS\SYSTEM32\d2d1.dll
0x67f60000 - 0x680d5000 	C:\WINDOWS\SYSTEM32\DWrite.dll
0x5f310000 - 0x5f4bf000 	C:\WINDOWS\SYSTEM32\d3d11.dll
0x57f80000 - 0x5817d000 	C:\WINDOWS\SYSTEM32\d3d10warp.dll
0x62ff0000 - 0x630d4000 	C:\Windows\SYSTEM32\uiautomationcore.dll
0x6b430000 - 0x6b43a000 	C:\WINDOWS\SYSTEM32\ondemandconnroutehelper.dll
0x6df20000 - 0x6e068000 	C:\WINDOWS\SYSTEM32\dbghelp.dll

VM Arguments:
jvm_args: -Xms40m -Xmx512m -XX:MaxPermSize=512m -Dorg.eclipse.swt.internal.carbon.smallFonts -Dosgi.instance.area.default=@user.home/Atollic/TrueSTUDIO/ARM_workspace 
java_command: <unknown>
Launcher Type: generic

Environment Variables:
PATH=C:/Program Files (x86)/Atollic/TrueSTUDIO for ARM Lite 4.3.1/ide/jre/bin/client;C:/Program Files (x86)/Atollic/TrueSTUDIO for ARM Lite 4.3.1/ide/jre/bin;C:/Program Files (x86)/Atollic/TrueSTUDIO for ARM Lite 4.3.1/ide/jre/lib/i386;C:\Program Files (x86)\Microchip\MPLAB C30\bin;C:\Program Files (x86)\Microchip\mplabc18\v3.40\mpasm;C:\Program Files (x86)\Microchip\mplabc18\v3.40\bin;C:\Program Files (x86)\NVIDIA Corporation\PhysX\Common;C:\Program Files (x86)\Microchip\mplabc32\v2.01\bin;C:\Program Files (x86)\Intel\iCLS Client\;C:\Program Files\Intel\iCLS Client\;C:\WINDOWS\system32;C:\WINDOWS;C:\WINDOWS\System32\Wbem;C:\WINDOWS\System32\WindowsPowerShell\v1.0\;C:\Program Files (x86)\Windows Live\Shared;C:\Program Files (x86)\Intel\OpenCL SDK\3.0\bin\x86;C:\Program Files (x86)\Intel\OpenCL SDK\3.0\bin\x64;C:\Program Files\Intel\Intel(R) Management Engine Components\DAL;C:\Program Files\Intel\Intel(R) Management Engine Components\IPT;C:\Program Files (x86)\Intel\Intel(R) Management Engine Components\DAL;C:\Program Files (x86)\Intel\Intel(R) Management Engine Components\IPT;C:\Program Files\Intel\WiFi\bin\;C:\Program Files\Common Files\Intel\WirelessCommon\;C:\Program Files\MATLAB\R2013a\runtime\win64;C:\Program Files\MATLAB\R2013a\bin;C:\Program Files (x86)\Microchip\MPLAB C32 Suite\bin;C:\Program Files\MATLAB\R2012a\runtime\win64;C:\Program Files\MATLAB\R2012a\bin;C:\Program Files\MiKTeX 2.9\miktex\bin\x64\;c:\Program Files (x86)\Microsoft SQL Server\100\Tools\Binn\;c:\Program Files\Microsoft SQL Server\100\Tools\Binn\;c:\Program Files\Microsoft SQL Server\100\DTS\Binn\;C:\Program Files (x86)\Microchip\mplabc18\v3.40\mpasm;C:\Program Files (x86)\Microchip\mplabc18\v3.40\bin;C:\Program Files (x86)\Microchip\mplabc32\v2.01\bin;C:\Users\Callen Fisher\Desktop\workspace\tailSensor;
USERNAME=Callen Fisher
OS=Windows_NT
PROCESSOR_IDENTIFIER=Intel64 Family 6 Model 60 Stepping 3, GenuineIntel



---------------  S Y S T E M  ---------------

OS: Windows 8 , 64 bit Build 9200 

CPU:total 8 (4 cores per cpu, 2 threads per core) family 6 model 60 stepping 3, cmov, cx8, fxsr, mmx, sse, sse2, sse3, ssse3, sse4.1, sse4.2, popcnt, avx, avx2, ht, tsc, tscinvbit

Memory: 4k page, physical 16662676k(13727708k free), swap 33439892k(30292844k free)

vm_info: Java HotSpot(TM) Client VM (23.7-b01) for windows-x86 JRE (1.7.0_13-b20), built on Jan 30 2013 10:03:58 by "java_re" with unknown MS VC++:1600

time: Fri Sep 19 07:47:57 2014
elapsed time: 34 seconds

