Added Component: Designator=*(INEMO - duplicate3)
Added Component: Designator=BATTERY(HDR1X2)
Added Component: Designator=C1(C0805)
Added Component: Designator=C2(C1206)
Added Component: Designator=D1(3.2X1.6X1.1)
Added Component: Designator=D2(3.2X1.6X1.1)
Added Component: Designator=D3(3.2X1.6X1.1)
Added Component: Designator=Diode1(SMC)
Added Component: Designator=Diode2(SMC)
Added Component: Designator=NRF(HDR2X5)
Added Component: Designator=R1(J1-0603)
Added Component: Designator=R2(J1-0603)
Added Component: Designator=R3(J1-0603)
Added Component: Designator=R4(J1-0603)
Added Component: Designator=R5(J1-0603)
Added Component: Designator=R6(J1-0603)
Added Component: Designator=R7(J1-0603)
Added Component: Designator=R8(J1-0603)
Added Component: Designator=SWD(HDR1X6)
Added Component: Designator=SWITCHpad(HDR1X2)
Added Pin To Net: NetName=Net*_1 Pin=*-1
Added Pin To Net: NetName=Net*_1 Pin=R8-2
Added Net: Name=Net*_1
Added Pin To Net: NetName=Net*_2 Pin=*-2
Added Pin To Net: NetName=Net*_2 Pin=R7-1
Added Net: Name=Net*_2
Added Pin To Net: NetName=Net*_3 Pin=*-3
Added Pin To Net: NetName=Net*_3 Pin=R8-1
Added Pin To Net: NetName=Net*_3 Pin=SWD-5
Added Pin To Net: NetName=Net*_3 Pin=SWITCHpad-2
Added Net: Name=Net*_3
Added Pin To Net: NetName=Net*_4 Pin=*-4
Added Pin To Net: NetName=Net*_4 Pin=NRF-4
Added Net: Name=Net*_4
Added Pin To Net: NetName=Net*_5 Pin=*-5
Added Pin To Net: NetName=Net*_5 Pin=Diode2-2
Added Net: Name=Net*_5
Added Pin To Net: NetName=Net*_6 Pin=*-6
Added Pin To Net: NetName=Net*_6 Pin=*-14
Added Pin To Net: NetName=Net*_6 Pin=*-28
Added Pin To Net: NetName=Net*_6 Pin=BATTERY-1
Added Pin To Net: NetName=Net*_6 Pin=C1-2
Added Pin To Net: NetName=Net*_6 Pin=C2-1
Added Pin To Net: NetName=Net*_6 Pin=D1-2
Added Pin To Net: NetName=Net*_6 Pin=D2-2
Added Pin To Net: NetName=Net*_6 Pin=D3-2
Added Pin To Net: NetName=Net*_6 Pin=NRF-9
Added Pin To Net: NetName=Net*_6 Pin=NRF-10
Added Pin To Net: NetName=Net*_6 Pin=R3-1
Added Pin To Net: NetName=Net*_6 Pin=R7-2
Added Pin To Net: NetName=Net*_6 Pin=SWD-3
Added Pin To Net: NetName=Net*_6 Pin=SWITCHpad-1
Added Net: Name=Net*_6
Added Pin To Net: NetName=Net*_7 Pin=*-7
Added Pin To Net: NetName=Net*_7 Pin=Diode1-2
Added Net: Name=Net*_7
Added Pin To Net: NetName=Net*_10 Pin=*-10
Added Pin To Net: NetName=Net*_10 Pin=R4-2
Added Net: Name=Net*_10
Added Pin To Net: NetName=Net*_11 Pin=*-11
Added Pin To Net: NetName=Net*_11 Pin=R5-2
Added Net: Name=Net*_11
Added Pin To Net: NetName=Net*_12 Pin=*-12
Added Pin To Net: NetName=Net*_12 Pin=R6-2
Added Net: Name=Net*_12
Added Pin To Net: NetName=Net*_17 Pin=*-17
Added Pin To Net: NetName=Net*_17 Pin=R2-1
Added Pin To Net: NetName=Net*_17 Pin=SWD-6
Added Net: Name=Net*_17
Added Pin To Net: NetName=Net*_19 Pin=*-19
Added Pin To Net: NetName=Net*_19 Pin=R1-1
Added Pin To Net: NetName=Net*_19 Pin=SWD-4
Added Net: Name=Net*_19
Added Pin To Net: NetName=Net*_20 Pin=*-20
Added Pin To Net: NetName=Net*_20 Pin=R3-2
Added Pin To Net: NetName=Net*_20 Pin=SWD-2
Added Net: Name=Net*_20
Added Pin To Net: NetName=Net*_22 Pin=*-22
Added Pin To Net: NetName=Net*_22 Pin=NRF-3
Added Net: Name=Net*_22
Added Pin To Net: NetName=Net*_23 Pin=*-23
Added Pin To Net: NetName=Net*_23 Pin=NRF-5
Added Net: Name=Net*_23
Added Pin To Net: NetName=Net*_24 Pin=*-24
Added Pin To Net: NetName=Net*_24 Pin=NRF-7
Added Net: Name=Net*_24
Added Pin To Net: NetName=Net*_25 Pin=*-25
Added Pin To Net: NetName=Net*_25 Pin=NRF-6
Added Net: Name=Net*_25
Added Pin To Net: NetName=Net*_27 Pin=*-27
Added Pin To Net: NetName=Net*_27 Pin=BATTERY-2
Added Pin To Net: NetName=Net*_27 Pin=C1-1
Added Pin To Net: NetName=Net*_27 Pin=C2-2
Added Pin To Net: NetName=Net*_27 Pin=NRF-1
Added Pin To Net: NetName=Net*_27 Pin=NRF-2
Added Pin To Net: NetName=Net*_27 Pin=R1-2
Added Pin To Net: NetName=Net*_27 Pin=R2-2
Added Pin To Net: NetName=Net*_27 Pin=SWD-1
Added Net: Name=Net*_27
Added Pin To Net: NetName=NetD1_1 Pin=D1-1
Added Pin To Net: NetName=NetD1_1 Pin=R4-1
Added Net: Name=NetD1_1
Added Pin To Net: NetName=NetD2_1 Pin=D2-1
Added Pin To Net: NetName=NetD2_1 Pin=R5-1
Added Net: Name=NetD2_1
Added Pin To Net: NetName=NetD3_1 Pin=D3-1
Added Pin To Net: NetName=NetD3_1 Pin=R6-1
Added Net: Name=NetD3_1
Added Pin To Net: NetName=NetDiode1_1 Pin=Diode1-1
Added Pin To Net: NetName=NetDiode1_1 Pin=Diode2-1
Added Pin To Net: NetName=NetDiode1_1 Pin=NRF-8
Added Net: Name=NetDiode1_1
Added Class: Name=tailSensors
